<?xml version="1.0" encoding="UTF-8"?>
<!-- Generated by org.testng.reporters.JUnitReportReporter -->
<testsuite hostname="DESKTOP-QDM58T7" failures="0" tests="1" name="youtube.com.testcases.searchresultofautomation" time="18.840" errors="0" timestamp="2025-03-31T20:29:47 IST" skipped="0">
  <testcase classname="youtube.com.testcases.searchresultofautomation" name="firstresultvideotitle" time="18.840"/>
</testsuite> <!-- youtube.com.testcases.searchresultofautomation -->
