<?xml version="1.0" encoding="UTF-8"?>
<!-- Generated by org.testng.reporters.JUnitReportReporter -->
<testsuite hostname="DESKTOP-QDM58T7" failures="0" tests="1" name="youtube.com.testcases.searchresultofautomation" time="20.333" errors="0" timestamp="2025-04-01T09:24:57 IST" skipped="0">
  <testcase classname="youtube.com.testcases.searchresultofautomation" name="firstresultvideotitle" time="20.333"/>
</testsuite> <!-- youtube.com.testcases.searchresultofautomation -->
